<?xml version="1.0" encoding="UTF-8"?>
<!-- Generated by org.testng.reporters.JUnitReportReporter -->
<testsuite hostname="DESKTOP-LHLQRJG" failures="0" tests="1" name="Test.NewTest" time="8.249" errors="0" timestamp="2023-10-25T22:00:06 BOT" skipped="0">
  <testcase classname="Test.NewTest" name="f" time="8.249"/>
</testsuite> <!-- Test.NewTest -->
