<?xml version="1.0" encoding="UTF-8"?>
<!-- Generated by org.testng.reporters.JUnitReportReporter -->
<testsuite hostname="DESKTOP-LHLQRJG" failures="0" tests="1" name="Test.AssertEjemplo" time="10.097" errors="0" timestamp="2023-11-03T00:52:32 BOT" skipped="0">
  <testcase classname="Test.AssertEjemplo" name="VerificarTituloPagina" time="10.097"/>
</testsuite> <!-- Test.AssertEjemplo -->
